[ 2017-01-02T11:33:50+08:00 ] 0.0.0.0 /thinkphp/admin.php
INFO: [ app_begin ] --START--
INFO: Run ReadHtmlCache Behavior [ RunTime:0.000759s ]
INFO: [ app_begin ] --END-- [ RunTime:0.000855s ]
INFO: [ view_parse ] --START--
NOTIC: [8192] preg_replace(): The /e modifier is deprecated, use preg_replace_callback instead D:\wamp\www\thinkphp\ThinkPHP\Lib\Template\ThinkTemplate.class.php 第 273 行.
NOTIC: [8192] preg_replace(): The /e modifier is deprecated, use preg_replace_callback instead D:\wamp\www\thinkphp\ThinkPHP\Lib\Template\ThinkTemplate.class.php 第 168 行.
NOTIC: [8192] preg_replace(): The /e modifier is deprecated, use preg_replace_callback instead D:\wamp\www\thinkphp\ThinkPHP\Lib\Template\ThinkTemplate.class.php 第 404 行.
NOTIC: [8192] preg_replace(): The /e modifier is deprecated, use preg_replace_callback instead D:\wamp\www\thinkphp\ThinkPHP\Lib\Template\ThinkTemplate.class.php 第 404 行.
NOTIC: [8192] preg_replace(): The /e modifier is deprecated, use preg_replace_callback instead D:\wamp\www\thinkphp\ThinkPHP\Lib\Template\ThinkTemplate.class.php 第 404 行.
NOTIC: [8192] preg_replace(): The /e modifier is deprecated, use preg_replace_callback instead D:\wamp\www\thinkphp\ThinkPHP\Lib\Template\ThinkTemplate.class.php 第 404 行.
NOTIC: [8192] preg_replace(): The /e modifier is deprecated, use preg_replace_callback instead D:\wamp\www\thinkphp\ThinkPHP\Lib\Template\ThinkTemplate.class.php 第 404 行.
NOTIC: [8192] preg_replace(): The /e modifier is deprecated, use preg_replace_callback instead D:\wamp\www\thinkphp\ThinkPHP\Lib\Template\ThinkTemplate.class.php 第 404 行.
NOTIC: [8192] preg_replace(): The /e modifier is deprecated, use preg_replace_callback instead D:\wamp\www\thinkphp\ThinkPHP\Lib\Template\ThinkTemplate.class.php 第 404 行.
NOTIC: [8192] preg_replace(): The /e modifier is deprecated, use preg_replace_callback instead D:\wamp\www\thinkphp\ThinkPHP\Lib\Template\ThinkTemplate.class.php 第 404 行.
NOTIC: [8192] preg_replace(): The /e modifier is deprecated, use preg_replace_callback instead D:\wamp\www\thinkphp\ThinkPHP\Lib\Template\ThinkTemplate.class.php 第 404 行.
NOTIC: [8192] preg_replace(): The /e modifier is deprecated, use preg_replace_callback instead D:\wamp\www\thinkphp\ThinkPHP\Lib\Template\ThinkTemplate.class.php 第 404 行.
NOTIC: [8192] preg_replace(): The /e modifier is deprecated, use preg_replace_callback instead D:\wamp\www\thinkphp\ThinkPHP\Lib\Template\ThinkTemplate.class.php 第 404 行.
NOTIC: [8192] preg_replace(): The /e modifier is deprecated, use preg_replace_callback instead D:\wamp\www\thinkphp\ThinkPHP\Lib\Template\ThinkTemplate.class.php 第 404 行.
NOTIC: [8192] preg_replace(): The /e modifier is deprecated, use preg_replace_callback instead D:\wamp\www\thinkphp\ThinkPHP\Lib\Template\ThinkTemplate.class.php 第 399 行.
NOTIC: [8192] preg_replace(): The /e modifier is deprecated, use preg_replace_callback instead D:\wamp\www\thinkphp\ThinkPHP\Lib\Template\ThinkTemplate.class.php 第 399 行.
NOTIC: [8192] preg_replace(): The /e modifier is deprecated, use preg_replace_callback instead D:\wamp\www\thinkphp\ThinkPHP\Lib\Template\ThinkTemplate.class.php 第 404 行.
NOTIC: [8192] preg_replace(): The /e modifier is deprecated, use preg_replace_callback instead D:\wamp\www\thinkphp\ThinkPHP\Lib\Template\ThinkTemplate.class.php 第 404 行.
NOTIC: [8192] preg_replace(): The /e modifier is deprecated, use preg_replace_callback instead D:\wamp\www\thinkphp\ThinkPHP\Lib\Template\ThinkTemplate.class.php 第 404 行.
NOTIC: [8192] preg_replace(): The /e modifier is deprecated, use preg_replace_callback instead D:\wamp\www\thinkphp\ThinkPHP\Lib\Template\ThinkTemplate.class.php 第 399 行.
NOTIC: [8192] preg_replace(): The /e modifier is deprecated, use preg_replace_callback instead D:\wamp\www\thinkphp\ThinkPHP\Lib\Template\ThinkTemplate.class.php 第 404 行.
NOTIC: [8192] preg_replace(): The /e modifier is deprecated, use preg_replace_callback instead D:\wamp\www\thinkphp\ThinkPHP\Lib\Template\ThinkTemplate.class.php 第 404 行.
NOTIC: [8192] preg_replace(): The /e modifier is deprecated, use preg_replace_callback instead D:\wamp\www\thinkphp\ThinkPHP\Lib\Template\ThinkTemplate.class.php 第 404 行.
NOTIC: [8192] preg_replace(): The /e modifier is deprecated, use preg_replace_callback instead D:\wamp\www\thinkphp\ThinkPHP\Lib\Template\ThinkTemplate.class.php 第 404 行.
NOTIC: [8192] preg_replace(): The /e modifier is deprecated, use preg_replace_callback instead D:\wamp\www\thinkphp\ThinkPHP\Lib\Template\ThinkTemplate.class.php 第 404 行.
NOTIC: [8192] preg_replace(): The /e modifier is deprecated, use preg_replace_callback instead D:\wamp\www\thinkphp\ThinkPHP\Lib\Template\ThinkTemplate.class.php 第 404 行.
NOTIC: [8192] preg_replace(): The /e modifier is deprecated, use preg_replace_callback instead D:\wamp\www\thinkphp\ThinkPHP\Lib\Template\ThinkTemplate.class.php 第 404 行.
NOTIC: [8192] preg_replace(): The /e modifier is deprecated, use preg_replace_callback instead D:\wamp\www\thinkphp\ThinkPHP\Lib\Template\ThinkTemplate.class.php 第 404 行.
NOTIC: [8192] preg_replace(): The /e modifier is deprecated, use preg_replace_callback instead D:\wamp\www\thinkphp\ThinkPHP\Lib\Template\ThinkTemplate.class.php 第 404 行.
NOTIC: [8192] preg_replace(): The /e modifier is deprecated, use preg_replace_callback instead D:\wamp\www\thinkphp\ThinkPHP\Lib\Template\ThinkTemplate.class.php 第 404 行.
NOTIC: [8192] preg_replace(): The /e modifier is deprecated, use preg_replace_callback instead D:\wamp\www\thinkphp\ThinkPHP\Lib\Template\ThinkTemplate.class.php 第 404 行.
NOTIC: [8192] preg_replace(): The /e modifier is deprecated, use preg_replace_callback instead D:\wamp\www\thinkphp\ThinkPHP\Lib\Template\ThinkTemplate.class.php 第 404 行.
NOTIC: [8192] preg_replace(): The /e modifier is deprecated, use preg_replace_callback instead D:\wamp\www\thinkphp\ThinkPHP\Lib\Template\ThinkTemplate.class.php 第 404 行.
NOTIC: [8192] preg_replace(): The /e modifier is deprecated, use preg_replace_callback instead D:\wamp\www\thinkphp\ThinkPHP\Lib\Template\ThinkTemplate.class.php 第 404 行.
NOTIC: [8192] preg_replace(): The /e modifier is deprecated, use preg_replace_callback instead D:\wamp\www\thinkphp\ThinkPHP\Lib\Template\ThinkTemplate.class.php 第 404 行.
NOTIC: [8192] preg_replace(): The /e modifier is deprecated, use preg_replace_callback instead D:\wamp\www\thinkphp\ThinkPHP\Lib\Template\ThinkTemplate.class.php 第 404 行.
NOTIC: [8192] preg_replace(): The /e modifier is deprecated, use preg_replace_callback instead D:\wamp\www\thinkphp\ThinkPHP\Lib\Template\ThinkTemplate.class.php 第 404 行.
NOTIC: [8192] preg_replace(): The /e modifier is deprecated, use preg_replace_callback instead D:\wamp\www\thinkphp\ThinkPHP\Lib\Template\ThinkTemplate.class.php 第 404 行.
NOTIC: [8192] preg_replace(): The /e modifier is deprecated, use preg_replace_callback instead D:\wamp\www\thinkphp\ThinkPHP\Lib\Template\ThinkTemplate.class.php 第 404 行.
NOTIC: [8192] preg_replace(): The /e modifier is deprecated, use preg_replace_callback instead D:\wamp\www\thinkphp\ThinkPHP\Lib\Template\ThinkTemplate.class.php 第 404 行.
NOTIC: [8192] preg_replace(): The /e modifier is deprecated, use preg_replace_callback instead D:\wamp\www\thinkphp\ThinkPHP\Lib\Template\ThinkTemplate.class.php 第 404 行.
NOTIC: [8192] preg_replace(): The /e modifier is deprecated, use preg_replace_callback instead D:\wamp\www\thinkphp\ThinkPHP\Lib\Template\ThinkTemplate.class.php 第 404 行.
NOTIC: [8192] preg_replace(): The /e modifier is deprecated, use preg_replace_callback instead D:\wamp\www\thinkphp\ThinkPHP\Lib\Template\ThinkTemplate.class.php 第 404 行.
NOTIC: [8192] preg_replace(): The /e modifier is deprecated, use preg_replace_callback instead D:\wamp\www\thinkphp\ThinkPHP\Lib\Template\ThinkTemplate.class.php 第 404 行.
NOTIC: [8192] preg_replace(): The /e modifier is deprecated, use preg_replace_callback instead D:\wamp\www\thinkphp\ThinkPHP\Lib\Template\ThinkTemplate.class.php 第 404 行.
NOTIC: [8192] preg_replace(): The /e modifier is deprecated, use preg_replace_callback instead D:\wamp\www\thinkphp\ThinkPHP\Lib\Template\ThinkTemplate.class.php 第 404 行.
NOTIC: [8192] preg_replace(): The /e modifier is deprecated, use preg_replace_callback instead D:\wamp\www\thinkphp\ThinkPHP\Lib\Template\ThinkTemplate.class.php 第 404 行.
NOTIC: [8192] preg_replace(): The /e modifier is deprecated, use preg_replace_callback instead D:\wamp\www\thinkphp\ThinkPHP\Lib\Template\ThinkTemplate.class.php 第 404 行.
NOTIC: [8192] preg_replace(): The /e modifier is deprecated, use preg_replace_callback instead D:\wamp\www\thinkphp\ThinkPHP\Lib\Template\ThinkTemplate.class.php 第 404 行.
NOTIC: [8192] preg_replace(): The /e modifier is deprecated, use preg_replace_callback instead D:\wamp\www\thinkphp\ThinkPHP\Lib\Template\ThinkTemplate.class.php 第 404 行.
NOTIC: [8192] preg_replace(): The /e modifier is deprecated, use preg_replace_callback instead D:\wamp\www\thinkphp\ThinkPHP\Lib\Template\ThinkTemplate.class.php 第 404 行.
NOTIC: [8192] preg_replace(): The /e modifier is deprecated, use preg_replace_callback instead D:\wamp\www\thinkphp\ThinkPHP\Lib\Template\ThinkTemplate.class.php 第 404 行.
NOTIC: [8192] preg_replace(): The /e modifier is deprecated, use preg_replace_callback instead D:\wamp\www\thinkphp\ThinkPHP\Lib\Template\ThinkTemplate.class.php 第 404 行.
NOTIC: [8192] preg_replace(): The /e modifier is deprecated, use preg_replace_callback instead D:\wamp\www\thinkphp\ThinkPHP\Lib\Template\ThinkTemplate.class.php 第 404 行.
NOTIC: [8192] preg_replace(): The /e modifier is deprecated, use preg_replace_callback instead D:\wamp\www\thinkphp\ThinkPHP\Lib\Template\ThinkTemplate.class.php 第 404 行.
NOTIC: [8192] preg_replace(): The /e modifier is deprecated, use preg_replace_callback instead D:\wamp\www\thinkphp\ThinkPHP\Lib\Template\ThinkTemplate.class.php 第 404 行.
NOTIC: [8192] preg_replace(): The /e modifier is deprecated, use preg_replace_callback instead D:\wamp\www\thinkphp\ThinkPHP\Lib\Template\ThinkTemplate.class.php 第 404 行.
NOTIC: [8192] preg_replace(): The /e modifier is deprecated, use preg_replace_callback instead D:\wamp\www\thinkphp\ThinkPHP\Lib\Template\ThinkTemplate.class.php 第 404 行.
NOTIC: [8192] preg_replace(): The /e modifier is deprecated, use preg_replace_callback instead D:\wamp\www\thinkphp\ThinkPHP\Lib\Template\ThinkTemplate.class.php 第 404 行.
NOTIC: [8192] preg_replace(): The /e modifier is deprecated, use preg_replace_callback instead D:\wamp\www\thinkphp\ThinkPHP\Lib\Template\ThinkTemplate.class.php 第 404 行.
NOTIC: [8192] preg_replace(): The /e modifier is deprecated, use preg_replace_callback instead D:\wamp\www\thinkphp\ThinkPHP\Lib\Template\ThinkTemplate.class.php 第 404 行.
NOTIC: [8192] preg_replace(): The /e modifier is deprecated, use preg_replace_callback instead D:\wamp\www\thinkphp\ThinkPHP\Lib\Template\ThinkTemplate.class.php 第 404 行.
NOTIC: [8192] preg_replace(): The /e modifier is deprecated, use preg_replace_callback instead D:\wamp\www\thinkphp\ThinkPHP\Lib\Template\ThinkTemplate.class.php 第 404 行.
NOTIC: [8192] preg_replace(): The /e modifier is deprecated, use preg_replace_callback instead D:\wamp\www\thinkphp\ThinkPHP\Lib\Template\ThinkTemplate.class.php 第 404 行.
NOTIC: [8192] preg_replace(): The /e modifier is deprecated, use preg_replace_callback instead D:\wamp\www\thinkphp\ThinkPHP\Lib\Template\ThinkTemplate.class.php 第 404 行.
NOTIC: [8192] preg_replace(): The /e modifier is deprecated, use preg_replace_callback instead D:\wamp\www\thinkphp\ThinkPHP\Lib\Template\ThinkTemplate.class.php 第 404 行.
NOTIC: [8192] preg_replace(): The /e modifier is deprecated, use preg_replace_callback instead D:\wamp\www\thinkphp\ThinkPHP\Lib\Template\ThinkTemplate.class.php 第 404 行.
NOTIC: [8192] preg_replace(): The /e modifier is deprecated, use preg_replace_callback instead D:\wamp\www\thinkphp\ThinkPHP\Lib\Template\ThinkTemplate.class.php 第 404 行.
NOTIC: [8192] preg_replace(): The /e modifier is deprecated, use preg_replace_callback instead D:\wamp\www\thinkphp\ThinkPHP\Lib\Template\ThinkTemplate.class.php 第 404 行.
NOTIC: [8192] preg_replace(): The /e modifier is deprecated, use preg_replace_callback instead D:\wamp\www\thinkphp\ThinkPHP\Lib\Template\ThinkTemplate.class.php 第 404 行.
NOTIC: [8192] preg_replace(): The /e modifier is deprecated, use preg_replace_callback instead D:\wamp\www\thinkphp\ThinkPHP\Lib\Template\ThinkTemplate.class.php 第 404 行.
NOTIC: [8192] preg_replace(): The /e modifier is deprecated, use preg_replace_callback instead D:\wamp\www\thinkphp\ThinkPHP\Lib\Template\ThinkTemplate.class.php 第 404 行.
NOTIC: [8192] preg_replace(): The /e modifier is deprecated, use preg_replace_callback instead D:\wamp\www\thinkphp\ThinkPHP\Lib\Template\ThinkTemplate.class.php 第 404 行.
NOTIC: [8192] preg_replace(): The /e modifier is deprecated, use preg_replace_callback instead D:\wamp\www\thinkphp\ThinkPHP\Lib\Template\ThinkTemplate.class.php 第 404 行.
NOTIC: [8192] preg_replace(): The /e modifier is deprecated, use preg_replace_callback instead D:\wamp\www\thinkphp\ThinkPHP\Lib\Template\ThinkTemplate.class.php 第 404 行.
NOTIC: [8192] preg_replace(): The /e modifier is deprecated, use preg_replace_callback instead D:\wamp\www\thinkphp\ThinkPHP\Lib\Template\ThinkTemplate.class.php 第 404 行.
NOTIC: [8192] preg_replace(): The /e modifier is deprecated, use preg_replace_callback instead D:\wamp\www\thinkphp\ThinkPHP\Lib\Template\ThinkTemplate.class.php 第 404 行.
NOTIC: [8192] preg_replace(): The /e modifier is deprecated, use preg_replace_callback instead D:\wamp\www\thinkphp\ThinkPHP\Lib\Template\ThinkTemplate.class.php 第 404 行.
NOTIC: [8192] preg_replace(): The /e modifier is deprecated, use preg_replace_callback instead D:\wamp\www\thinkphp\ThinkPHP\Lib\Template\ThinkTemplate.class.php 第 404 行.
NOTIC: [8192] preg_replace(): The /e modifier is deprecated, use preg_replace_callback instead D:\wamp\www\thinkphp\ThinkPHP\Lib\Template\ThinkTemplate.class.php 第 404 行.
NOTIC: [8192] preg_replace(): The /e modifier is deprecated, use preg_replace_callback instead D:\wamp\www\thinkphp\ThinkPHP\Lib\Template\ThinkTemplate.class.php 第 404 行.
NOTIC: [8192] preg_replace(): The /e modifier is deprecated, use preg_replace_callback instead D:\wamp\www\thinkphp\ThinkPHP\Lib\Template\ThinkTemplate.class.php 第 404 行.
NOTIC: [8192] preg_replace(): The /e modifier is deprecated, use preg_replace_callback instead D:\wamp\www\thinkphp\ThinkPHP\Lib\Template\ThinkTemplate.class.php 第 404 行.
NOTIC: [8192] preg_replace(): The /e modifier is deprecated, use preg_replace_callback instead D:\wamp\www\thinkphp\ThinkPHP\Lib\Template\ThinkTemplate.class.php 第 404 行.
NOTIC: [8192] preg_replace(): The /e modifier is deprecated, use preg_replace_callback instead D:\wamp\www\thinkphp\ThinkPHP\Lib\Template\ThinkTemplate.class.php 第 404 行.
NOTIC: [8192] preg_replace(): The /e modifier is deprecated, use preg_replace_callback instead D:\wamp\www\thinkphp\ThinkPHP\Lib\Template\ThinkTemplate.class.php 第 404 行.
NOTIC: [8192] preg_replace(): The /e modifier is deprecated, use preg_replace_callback instead D:\wamp\www\thinkphp\ThinkPHP\Lib\Template\ThinkTemplate.class.php 第 399 行.
NOTIC: [8192] preg_replace(): The /e modifier is deprecated, use preg_replace_callback instead D:\wamp\www\thinkphp\ThinkPHP\Lib\Template\ThinkTemplate.class.php 第 399 行.
NOTIC: [8192] preg_replace(): The /e modifier is deprecated, use preg_replace_callback instead D:\wamp\www\thinkphp\ThinkPHP\Lib\Template\ThinkTemplate.class.php 第 399 行.
NOTIC: [8192] preg_replace(): The /e modifier is deprecated, use preg_replace_callback instead D:\wamp\www\thinkphp\ThinkPHP\Lib\Template\ThinkTemplate.class.php 第 399 行.
NOTIC: [8192] preg_replace(): The /e modifier is deprecated, use preg_replace_callback instead D:\wamp\www\thinkphp\ThinkPHP\Lib\Template\ThinkTemplate.class.php 第 399 行.
NOTIC: [8192] preg_replace(): The /e modifier is deprecated, use preg_replace_callback instead D:\wamp\www\thinkphp\ThinkPHP\Lib\Template\ThinkTemplate.class.php 第 399 行.
NOTIC: [8192] preg_replace(): The /e modifier is deprecated, use preg_replace_callback instead D:\wamp\www\thinkphp\ThinkPHP\Lib\Template\ThinkTemplate.class.php 第 404 行.
NOTIC: [8192] preg_replace(): The /e modifier is deprecated, use preg_replace_callback instead D:\wamp\www\thinkphp\ThinkPHP\Lib\Template\ThinkTemplate.class.php 第 404 行.
NOTIC: [8192] preg_replace(): The /e modifier is deprecated, use preg_replace_callback instead D:\wamp\www\thinkphp\ThinkPHP\Lib\Template\ThinkTemplate.class.php 第 404 行.
NOTIC: [8192] preg_replace(): The /e modifier is deprecated, use preg_replace_callback instead D:\wamp\www\thinkphp\ThinkPHP\Lib\Template\ThinkTemplate.class.php 第 197 行.
NOTIC: [8192] preg_replace(): The /e modifier is deprecated, use preg_replace_callback instead D:\wamp\www\thinkphp\ThinkPHP\Lib\Template\ThinkTemplate.class.php 第 137 行.
INFO: Run ParseTemplate Behavior [ RunTime:0.010832s ]
INFO: [ view_parse ] --END-- [ RunTime:0.010927s ]
INFO: [ view_filter ] --START--
INFO: Run ContentReplace Behavior [ RunTime:0.000595s ]
INFO: Run TokenBuild Behavior [ RunTime:0.000550s ]
INFO: Run WriteHtmlCache Behavior [ RunTime:0.000463s ]
INFO: Run ShowRuntime Behavior [ RunTime:0.000627s ]
INFO: [ view_filter ] --END-- [ RunTime:0.002452s ]
INFO: [ view_end ] --START--
INFO: Run ShowPageTrace Behavior [ RunTime:0.000691s ]
INFO: [ view_end ] --END-- [ RunTime:0.000772s ]

